<?xml version="1.0" encoding="UTF-8"?>
<testsuite name="com.example.cmpbot.DiarybotApplicationTests" tests="1" skipped="0" failures="0" errors="0" timestamp="2023-11-17T15:34:48" hostname="mcintyreduEMD6R.vmware.com" time="0.783">
  <properties/>
  <testcase name="contextLoads()" classname="com.example.cmpbot.DiarybotApplicationTests" time="0.783"/>
  <system-out><![CDATA[15:34:46.466 [Test worker] INFO org.springframework.test.context.support.AnnotationConfigContextLoaderUtils -- Could not detect default configuration classes for test class [com.example.cmpbot.DiarybotApplicationTests]: DiarybotApplicationTests does not declare any static, non-private, non-final, nested classes annotated with @Configuration.
15:34:46.547 [Test worker] INFO org.springframework.boot.test.context.SpringBootTestContextBootstrapper -- Found @SpringBootConfiguration com.example.cmpbot.DiarybotApplication for test class com.example.cmpbot.DiarybotApplicationTests
15:34:46.653 [Test worker] INFO org.springframework.boot.devtools.restart.RestartApplicationListener -- Restart disabled due to context in which it is running

  .   ____          _            __ _ _
 /\\ / ___'_ __ _ _(_)_ __  __ _ \ \ \ \
( ( )\___ | '_ | '_| | '_ \/ _` | \ \ \ \
 \\/  ___)| |_)| | | | | || (_| |  ) ) ) )
  '  |____| .__|_| |_|_| |_\__, | / / / /
 =========|_|==============|___/=/_/_/_/
 :: Spring Boot ::                (v3.1.5)

2023-11-17T15:34:46.835Z  INFO 40004 --- [    Test worker] c.e.cmpbot.DiarybotApplicationTests      : Starting DiarybotApplicationTests using Java 18.0.1 with PID 40004 (started by mcintyredu in /Users/mcintyredu/src/cmpbot)
2023-11-17T15:34:46.836Z  INFO 40004 --- [    Test worker] c.e.cmpbot.DiarybotApplicationTests      : No active profile set, falling back to 1 default profile: "default"
2023-11-17T15:34:48.149Z  INFO 40004 --- [    Test worker] o.s.b.a.e.web.EndpointLinksResolver      : Exposing 1 endpoint(s) beneath base path '/actuator'
2023-11-17T15:34:48.203Z  INFO 40004 --- [    Test worker] c.e.cmpbot.DiarybotApplicationTests      : Started DiarybotApplicationTests in 1.558 seconds (process running for 2.496)
]]></system-out>
  <system-err><![CDATA[]]></system-err>
</testsuite>
